<?xml version="1.0" encoding="UTF-8"?>
<testng-results ignored="0" total="2" passed="2" failed="0" skipped="0">
  <reporter-output>
  </reporter-output>
  <suite started-at="2023-04-08T14:37:11 IST" name="Default suite" finished-at="2023-04-08T14:37:57 IST" duration-ms="45290">
    <groups>
      <group name="cucumber">
        <method signature="AbstractTestNGCucumberTests.runScenario(io.cucumber.testng.PickleWrapper,io.cucumber.testng.FeatureWrapper)[pri:0, instance:Runner.CucumberRunnerTests@121314f7]" name="runScenario" class="io.cucumber.testng.AbstractTestNGCucumberTests"/>
      </group> <!-- cucumber -->
    </groups>
    <test started-at="2023-04-08T14:37:11 IST" name="Default test" finished-at="2023-04-08T14:37:57 IST" duration-ms="45290">
      <class name="Runner.CucumberRunnerTests">
        <test-method is-config="true" signature="setUpClass(org.testng.ITestContext)[pri:0, instance:Runner.CucumberRunnerTests@121314f7]" started-at="2023-04-08T14:37:12 IST" name="setUpClass" finished-at="2023-04-08T14:37:12 IST" duration-ms="727" status="PASS">
          <params>
            <param index="0">
              <value>
                <![CDATA[org.testng.TestRunner@859ea42]]>
              </value>
            </param>
          </params>
          <reporter-output>
          </reporter-output>
        </test-method> <!-- setUpClass -->
        <test-method signature="runScenario(io.cucumber.testng.PickleWrapper,io.cucumber.testng.FeatureWrapper)[pri:0, instance:Runner.CucumberRunnerTests@121314f7]" started-at="2023-04-08T14:37:12 IST" name="runScenario" description="Runs Cucumber Scenarios" data-provider="scenarios" finished-at="2023-04-08T14:37:33 IST" duration-ms="20910" status="PASS">
          <params>
            <param index="0">
              <value>
                <![CDATA["Successful Login with valid page"]]>
              </value>
            </param>
            <param index="1">
              <value>
                <![CDATA["I am automation functionality of Add Skills in Orange HRM application"]]>
              </value>
            </param>
          </params>
          <reporter-output>
          </reporter-output>
        </test-method> <!-- runScenario -->
        <test-method signature="runScenario(io.cucumber.testng.PickleWrapper,io.cucumber.testng.FeatureWrapper)[pri:0, instance:Runner.CucumberRunnerTests@121314f7]" started-at="2023-04-08T14:37:33 IST" name="runScenario" description="Runs Cucumber Scenarios" data-provider="scenarios" finished-at="2023-04-08T14:37:57 IST" duration-ms="23518" status="PASS">
          <params>
            <param index="0">
              <value>
                <![CDATA["Successful job data entry"]]>
              </value>
            </param>
            <param index="1">
              <value>
                <![CDATA["I am automation functionality of Add Skills in Orange HRM application"]]>
              </value>
            </param>
          </params>
          <reporter-output>
          </reporter-output>
        </test-method> <!-- runScenario -->
        <test-method is-config="true" signature="tearDownClass()[pri:0, instance:Runner.CucumberRunnerTests@121314f7]" started-at="2023-04-08T14:37:57 IST" name="tearDownClass" finished-at="2023-04-08T14:37:57 IST" duration-ms="22" status="PASS">
          <reporter-output>
          </reporter-output>
        </test-method> <!-- tearDownClass -->
      </class> <!-- Runner.CucumberRunnerTests -->
    </test> <!-- Default test -->
  </suite> <!-- Default suite -->
</testng-results>
